[38;5;112m[Appium][0m Welcome to Appium v2.12.1
[38;5;112m[Appium][0m Non-default server args:
[38;5;112m[Appium][0m { basePath: [32m'/wd/hub'[39m, loglevel: [32m'info'[39m, port: [33m51550[39m }
[38;5;112m[Appium][0m Attempting to load driver uiautomator2...
[38;5;112m[Appium][0m Appium REST http interface listener started on http://0.0.0.0:51550/wd/hub
[38;5;112m[Appium][0m You can provide the following URLs in your client code to connect to this server:
	http://192.168.6.239:51550/wd/hub
	http://192.168.56.1:51550/wd/hub
	http://192.168.56.2:51550/wd/hub
	http://192.168.127.2:51550/wd/hub
	http://127.0.0.1:51550/wd/hub (only accessible from the same host)
[38;5;112m[Appium][0m Available drivers:
[38;5;112m[Appium][0m   - uiautomator2@3.8.1 (automationName 'UiAutomator2')
[38;5;112m[Appium][0m No plugins have been installed. Use the "appium plugin" command to install the one(s) you want to use.
[38;5;86m[HTTP][0m [37m-->[39m [37mGET[39m [37m/wd/hub/status[39m [90m{}[39m
[38;5;86m[HTTP][0m [37m<-- GET /wd/hub/status [39m[32m200[39m [90m6 ms - 111[39m [90m[39m
[38;5;86m[HTTP][0m [37m-->[39m [37mGET[39m [37m/wd/hub/status[39m [90m{}[39m
[38;5;86m[HTTP][0m [37m<-- GET /wd/hub/status [39m[32m200[39m [90m1 ms - 111[39m [90m[39m
[38;5;86m[HTTP][0m [37m-->[39m [37mPOST[39m [37m/wd/hub/session[39m [90m{"desiredCapabilities":{"appium:systemPort":8238,"appium:udid":"192.168.127.104:5555","appium:autoGrantPermissions":true,"appium:newCommandTimeout":1800,"appium:platformName":"ANDROID","appium:appActivity":".Settings","appium:deviceName":"Genymobile Nexus 6P (Android 13)","platformName":"Android","appium:automationName":"uiautomator2","appium:platformVersion":"13","appium:appPackage":"com.android.settings"},"capabilities":{"firstMatch":[{"appium:appActivity":".Settings","appium:appPackage":"com.android.settings","appium:autoGrantPermissions":true,"appium:automationName":"uiautomator2","appium:deviceName":"Genymobile Nexus 6P (Android 13)","appium:newCommandTimeout":1800,"appium:platformName":"ANDROID","appium:platformVersion":"13","appium:systemPort":8238,"appium:udid":"192.168.127.104:5555","platformName":"android"}]}}[39m
[38;5;123m[BaseDriver][0m Ignoring capability 'appium:platformName=ANDROID' and using capability 'platformName=android'
[38;5;123m[BaseDriver][0m The capabilities ["platformName"] are standard capabilities and do not require "appium:" prefix
[38;5;112m[Appium][0m Attempting to find matching driver for automationName 'uiautomator2' and platformName 'android'
[38;5;112m[Appium][0m The 'uiautomator2' driver was installed and matched caps.
[38;5;112m[Appium][0m Will require it at C:\Users\24080102\.appium\node_modules\appium-uiautomator2-driver
[38;5;62m[AppiumDriver@b2b8][0m Appium v2.12.1 creating new AndroidUiautomator2Driver (v3.8.1) session
[38;5;62m[AppiumDriver@b2b8][0m Checking BaseDriver versions for Appium and AndroidUiautomator2Driver
[38;5;62m[AppiumDriver@b2b8][0m Appium's BaseDriver version is 9.12.1
[38;5;62m[AppiumDriver@b2b8][0m AndroidUiautomator2Driver's BaseDriver version is 9.12.1
[38;5;189m[de61d6d7][0m[38;5;-173m[AndroidUiautomator2Driver@0d97][0m Session created with session id: de61d6d7-f60a-4850-aefe-280dee0d2e09
[38;5;189m[de61d6d7][0m[38;5;229m[ADB][0m Found 1 'build-tools' folders under 'C:\Users\24080102\.katalon\tools\android_sdk' (newest first):
[38;5;189m[de61d6d7][0m[38;5;229m[ADB][0m     C:\Users\24080102\.katalon\tools\android_sdk\build-tools\29.0.3
[38;5;189m[de61d6d7][0m[38;5;229m[ADB][0m Using 'adb.exe' from 'C:\Users\24080102\.katalon\tools\android_sdk\platform-tools\adb.exe'
[38;5;189m[de61d6d7][0m[38;5;-173m[AndroidUiautomator2Driver@0d97][0m Retrieving device list
[38;5;189m[de61d6d7][0m[38;5;-173m[AndroidUiautomator2Driver@0d97][0m Using device: 192.168.127.104:5555
[38;5;189m[de61d6d7][0m[38;5;229m[ADB][0m Using 'adb.exe' from 'C:\Users\24080102\.katalon\tools\android_sdk\platform-tools\adb.exe'
[38;5;189m[de61d6d7][0m[38;5;-173m[AndroidUiautomator2Driver@0d97][0m Starting 'com.android.settings' directly on the device
[38;5;189m[de61d6d7][0m[38;5;229m[ADB][0m Getting device platform version
[38;5;189m[de61d6d7][0m[38;5;-173m[AndroidUiautomator2Driver@0d97][0m Relaxing hidden api policy
[38;5;189m[de61d6d7][0m[38;5;-173m[AndroidUiautomator2Driver@0d97][0m No app sent in, not parsing package/activity
[38;5;189m[de61d6d7][0m[38;5;229m[ADB][0m Using 'aapt2.exe' from 'C:\Users\24080102\.katalon\tools\android_sdk\build-tools\29.0.3\aapt2.exe'
[38;5;189m[de61d6d7][0m[38;5;-173m[AndroidUiautomator2Driver@0d97][0m Server packages are not going to be (re)installed
[38;5;189m[de61d6d7][0m[38;5;229m[ADB][0m Adding packages ["io.appium.settings","io.appium.uiautomator2.server","io.appium.uiautomator2.server.test"] to Doze whitelist
[38;5;189m[de61d6d7][0m[38;5;-173m[AndroidUiautomator2Driver@0d97][0m Starting UIAutomator2 server 7.1.1
[38;5;189m[de61d6d7][0m[38;5;-173m[AndroidUiautomator2Driver@0d97][0m Using UIAutomator2 server from 'C:\Users\24080102\.appium\node_modules\appium-uiautomator2-driver\node_modules\appium-uiautomator2-server\apks\appium-uiautomator2-server-v7.1.1.apk' and test from 'C:\Users\24080102\.appium\node_modules\appium-uiautomator2-driver\node_modules\appium-uiautomator2-server\apks\appium-uiautomator2-server-debug-androidTest.apk'
[38;5;189m[de61d6d7][0m[38;5;-173m[AndroidUiautomator2Driver@0d97][0m Waiting up to 30000ms for UiAutomator2 to be online...
[38;5;189m[de61d6d7][0m[38;5;-173m[AndroidUiautomator2Driver@0d97][0m socket hang up
[38;5;189m[de61d6d7][0m[38;5;-173m[AndroidUiautomator2Driver@0d97][0m socket hang up
[38;5;189m[de61d6d7][0m[38;5;-173m[AndroidUiautomator2Driver@0d97][0m socket hang up
[38;5;189m[de61d6d7][0m[38;5;-173m[AndroidUiautomator2Driver@0d97][0m Determined the downstream protocol as 'W3C'
[38;5;189m[de61d6d7][0m[38;5;-173m[AndroidUiautomator2Driver@0d97][0m Screen already unlocked, doing nothing
[38;5;189m[de61d6d7][0m[38;5;-173m[AndroidUiautomator2Driver@0d97][0m Starting 'com.android.settings/.Settings and waiting for 'com.android.settings/.Settings'
[38;5;189m[de61d6d7][0m[38;5;62m[AppiumDriver@b2b8][0m New AndroidUiautomator2Driver session created successfully, session de61d6d7-f60a-4850-aefe-280dee0d2e09 added to master session list
[38;5;189m[de61d6d7][0m[38;5;86m[HTTP][0m [37m<-- POST /wd/hub/session [39m[32m200[39m [90m9191 ms - 1127[39m [90m[39m
[38;5;189m[de61d6d7][0m[38;5;86m[HTTP][0m [37m-->[39m [37mGET[39m [37m/wd/hub/session/de61d6d7-f60a-4850-aefe-280dee0d2e09[39m [90m{}[39m
[38;5;189m[de61d6d7][0m[38;5;86m[HTTP][0m [37m<-- GET /wd/hub/session/de61d6d7-f60a-4850-aefe-280dee0d2e09 [39m[32m200[39m [90m34 ms - 324[39m [90m[39m
[38;5;189m[de61d6d7][0m[38;5;86m[HTTP][0m [37m-->[39m [37mGET[39m [37m/wd/hub/session/de61d6d7-f60a-4850-aefe-280dee0d2e09[39m [90m{}[39m
[38;5;189m[de61d6d7][0m[38;5;86m[HTTP][0m [37m<-- GET /wd/hub/session/de61d6d7-f60a-4850-aefe-280dee0d2e09 [39m[32m200[39m [90m39 ms - 324[39m [90m[39m
[38;5;86m[HTTP][0m [37m-->[39m [37mGET[39m [37m/wd/hub/status[39m [90m{}[39m
[38;5;86m[HTTP][0m [37m<-- GET /wd/hub/status [39m[32m200[39m [90m1 ms - 111[39m [90m[39m
[38;5;189m[de61d6d7][0m[38;5;86m[HTTP][0m [37m-->[39m [37mPOST[39m [37m/wd/hub/session/de61d6d7-f60a-4850-aefe-280dee0d2e09/timeouts[39m [90m{"implicit":60000}[39m
[38;5;189m[de61d6d7][0m[38;5;86m[HTTP][0m [37m<-- POST /wd/hub/session/de61d6d7-f60a-4850-aefe-280dee0d2e09/timeouts [39m[32m200[39m [90m3 ms - 14[39m [90m[39m
[38;5;189m[de61d6d7][0m[38;5;86m[HTTP][0m [37m-->[39m [37mGET[39m [37m/wd/hub/session/de61d6d7-f60a-4850-aefe-280dee0d2e09/appium/device/system_bars[39m [90m{}[39m
[38;5;189m[de61d6d7][0m[38;5;86m[HTTP][0m [37m<-- GET /wd/hub/session/de61d6d7-f60a-4850-aefe-280dee0d2e09/appium/device/system_bars [39m[32m200[39m [90m401 ms - 151[39m [90m[39m
[38;5;189m[de61d6d7][0m[38;5;86m[HTTP][0m [37m-->[39m [37mPOST[39m [37m/wd/hub/session/de61d6d7-f60a-4850-aefe-280dee0d2e09/appium/device/activate_app[39m [90m{"bundleId":"com.swaglabsmobileapp"}[39m
[38;5;189m[de61d6d7][0m[38;5;86m[HTTP][0m [37m<-- POST /wd/hub/session/de61d6d7-f60a-4850-aefe-280dee0d2e09/appium/device/activate_app [39m[32m200[39m [90m404 ms - 14[39m [90m[39m
[38;5;189m[de61d6d7][0m[38;5;86m[HTTP][0m [37m-->[39m [37mGET[39m [37m/wd/hub/session/de61d6d7-f60a-4850-aefe-280dee0d2e09/source[39m [90m{}[39m
[38;5;189m[de61d6d7][0m[38;5;-173m[AndroidUiautomator2Driver@0d97][0m Driver proxy active, passing request on via HTTP proxy
[38;5;189m[de61d6d7][0m[38;5;-173m[AndroidUiautomator2Driver@0d97][0m Replacing sessionId 59436fc8-e3f8-4536-af3c-19f6a608ee86 with de61d6d7-f60a-4850-aefe-280dee0d2e09
[38;5;189m[de61d6d7][0m[38;5;86m[HTTP][0m [37m<-- GET /wd/hub/session/de61d6d7-f60a-4850-aefe-280dee0d2e09/source [39m[32m200[39m [90m583 ms - 10776[39m [90m[39m
[38;5;189m[de61d6d7][0m[38;5;86m[HTTP][0m [37m-->[39m [37mGET[39m [37m/wd/hub/session/de61d6d7-f60a-4850-aefe-280dee0d2e09/screenshot[39m [90m{}[39m
[38;5;189m[de61d6d7][0m[38;5;86m[HTTP][0m [37m<-- GET /wd/hub/session/de61d6d7-f60a-4850-aefe-280dee0d2e09/screenshot [39m[32m200[39m [90m755 ms - 399320[39m [90m[39m
[38;5;189m[de61d6d7][0m[38;5;86m[HTTP][0m [37m-->[39m [37mGET[39m [37m/wd/hub/session/de61d6d7-f60a-4850-aefe-280dee0d2e09/window/rect[39m [90m{}[39m
[38;5;189m[de61d6d7][0m[38;5;86m[HTTP][0m [37m<-- GET /wd/hub/session/de61d6d7-f60a-4850-aefe-280dee0d2e09/window/rect [39m[32m200[39m [90m44 ms - 50[39m [90m[39m
[38;5;189m[de61d6d7][0m[38;5;86m[HTTP][0m [37m-->[39m [37mPOST[39m [37m/wd/hub/session/de61d6d7-f60a-4850-aefe-280dee0d2e09/elements[39m [90m{"using":"xpath","value":"//*[@class = 'android.widget.EditText' and (@text = 'Username' or . = 'Username')]"}[39m
[38;5;189m[de61d6d7][0m[38;5;86m[HTTP][0m [37m<-- POST /wd/hub/session/de61d6d7-f60a-4850-aefe-280dee0d2e09/elements [39m[32m200[39m [90m500 ms - 139[39m [90m[39m
[38;5;189m[de61d6d7][0m[38;5;86m[HTTP][0m [37m-->[39m [37mGET[39m [37m/wd/hub/session/de61d6d7-f60a-4850-aefe-280dee0d2e09/element/00000000-0000-0027-ffff-ffff0000002b/location[39m [90m{}[39m
[38;5;189m[de61d6d7][0m[38;5;-173m[AndroidUiautomator2Driver@0d97][0m Driver proxy active, passing request on via HTTP proxy
[38;5;189m[de61d6d7][0m[38;5;-173m[AndroidUiautomator2Driver@0d97][0m Replacing sessionId 59436fc8-e3f8-4536-af3c-19f6a608ee86 with de61d6d7-f60a-4850-aefe-280dee0d2e09
[38;5;189m[de61d6d7][0m[38;5;86m[HTTP][0m [37m<-- GET /wd/hub/session/de61d6d7-f60a-4850-aefe-280dee0d2e09/element/00000000-0000-0027-ffff-ffff0000002b/location [39m[32m200[39m [90m35 ms - 78[39m [90m[39m
[38;5;189m[de61d6d7][0m[38;5;86m[HTTP][0m [37m-->[39m [37mPOST[39m [37m/wd/hub/session/de61d6d7-f60a-4850-aefe-280dee0d2e09/element/00000000-0000-0027-ffff-ffff0000002b/clear[39m [90m{"id":"00000000-0000-0027-ffff-ffff0000002b"}[39m
[38;5;189m[de61d6d7][0m[38;5;86m[HTTP][0m [37m<-- POST /wd/hub/session/de61d6d7-f60a-4850-aefe-280dee0d2e09/element/00000000-0000-0027-ffff-ffff0000002b/clear [39m[32m200[39m [90m17 ms - 14[39m [90m[39m
[38;5;189m[de61d6d7][0m[38;5;86m[HTTP][0m [37m-->[39m [37mPOST[39m [37m/wd/hub/session/de61d6d7-f60a-4850-aefe-280dee0d2e09/element/00000000-0000-0027-ffff-ffff0000002b/click[39m [90m{"id":"00000000-0000-0027-ffff-ffff0000002b"}[39m
[38;5;189m[de61d6d7][0m[38;5;86m[HTTP][0m [37m<-- POST /wd/hub/session/de61d6d7-f60a-4850-aefe-280dee0d2e09/element/00000000-0000-0027-ffff-ffff0000002b/click [39m[32m200[39m [90m563 ms - 14[39m [90m[39m
[38;5;189m[de61d6d7][0m[38;5;86m[HTTP][0m [37m-->[39m [37mPOST[39m [37m/wd/hub/session/de61d6d7-f60a-4850-aefe-280dee0d2e09/element/00000000-0000-0027-ffff-ffff0000002b/value[39m [90m{"id":"00000000-0000-0027-ffff-ffff0000002b","text":"standard_user","value":["s","t","a","n","d","a","r","d","_","u","s","e","r"]}[39m
[38;5;189m[de61d6d7][0m[38;5;86m[HTTP][0m [37m<-- POST /wd/hub/session/de61d6d7-f60a-4850-aefe-280dee0d2e09/element/00000000-0000-0027-ffff-ffff0000002b/value [39m[32m200[39m [90m553 ms - 14[39m [90m[39m
[38;5;189m[de61d6d7][0m[38;5;86m[HTTP][0m [37m-->[39m [37mGET[39m [37m/wd/hub/session/de61d6d7-f60a-4850-aefe-280dee0d2e09/source[39m [90m{}[39m
[38;5;189m[de61d6d7][0m[38;5;-173m[AndroidUiautomator2Driver@0d97][0m Driver proxy active, passing request on via HTTP proxy
[38;5;189m[de61d6d7][0m[38;5;-173m[AndroidUiautomator2Driver@0d97][0m Replacing sessionId 59436fc8-e3f8-4536-af3c-19f6a608ee86 with de61d6d7-f60a-4850-aefe-280dee0d2e09
[38;5;189m[de61d6d7][0m[38;5;86m[HTTP][0m [37m<-- GET /wd/hub/session/de61d6d7-f60a-4850-aefe-280dee0d2e09/source [39m[32m200[39m [90m89 ms - 10781[39m [90m[39m
[38;5;189m[de61d6d7][0m[38;5;86m[HTTP][0m [37m-->[39m [37mGET[39m [37m/wd/hub/session/de61d6d7-f60a-4850-aefe-280dee0d2e09/screenshot[39m [90m{}[39m
[38;5;189m[de61d6d7][0m[38;5;86m[HTTP][0m [37m<-- GET /wd/hub/session/de61d6d7-f60a-4850-aefe-280dee0d2e09/screenshot [39m[32m200[39m [90m643 ms - 399756[39m [90m[39m
[38;5;189m[de61d6d7][0m[38;5;86m[HTTP][0m [37m-->[39m [37mGET[39m [37m/wd/hub/session/de61d6d7-f60a-4850-aefe-280dee0d2e09/window/rect[39m [90m{}[39m
[38;5;189m[de61d6d7][0m[38;5;86m[HTTP][0m [37m<-- GET /wd/hub/session/de61d6d7-f60a-4850-aefe-280dee0d2e09/window/rect [39m[32m200[39m [90m11 ms - 50[39m [90m[39m
[38;5;189m[de61d6d7][0m[38;5;86m[HTTP][0m [37m-->[39m [37mPOST[39m [37m/wd/hub/session/de61d6d7-f60a-4850-aefe-280dee0d2e09/elements[39m [90m{"using":"xpath","value":"//*[@class = 'android.widget.EditText' and (@text = 'Password' or . = 'Password')]"}[39m
[38;5;189m[de61d6d7][0m[38;5;86m[HTTP][0m [37m<-- POST /wd/hub/session/de61d6d7-f60a-4850-aefe-280dee0d2e09/elements [39m[32m200[39m [90m105 ms - 139[39m [90m[39m
[38;5;189m[de61d6d7][0m[38;5;86m[HTTP][0m [37m-->[39m [37mGET[39m [37m/wd/hub/session/de61d6d7-f60a-4850-aefe-280dee0d2e09/element/00000000-0000-0027-ffff-ffff0000002e/location[39m [90m{}[39m
[38;5;189m[de61d6d7][0m[38;5;-173m[AndroidUiautomator2Driver@0d97][0m Driver proxy active, passing request on via HTTP proxy
[38;5;189m[de61d6d7][0m[38;5;-173m[AndroidUiautomator2Driver@0d97][0m Replacing sessionId 59436fc8-e3f8-4536-af3c-19f6a608ee86 with de61d6d7-f60a-4850-aefe-280dee0d2e09
[38;5;189m[de61d6d7][0m[38;5;86m[HTTP][0m [37m<-- GET /wd/hub/session/de61d6d7-f60a-4850-aefe-280dee0d2e09/element/00000000-0000-0027-ffff-ffff0000002e/location [39m[32m200[39m [90m20 ms - 78[39m [90m[39m
[38;5;189m[de61d6d7][0m[38;5;86m[HTTP][0m [37m-->[39m [37mPOST[39m [37m/wd/hub/session/de61d6d7-f60a-4850-aefe-280dee0d2e09/element/00000000-0000-0027-ffff-ffff0000002e/clear[39m [90m{"id":"00000000-0000-0027-ffff-ffff0000002e"}[39m
[38;5;189m[de61d6d7][0m[38;5;86m[HTTP][0m [37m<-- POST /wd/hub/session/de61d6d7-f60a-4850-aefe-280dee0d2e09/element/00000000-0000-0027-ffff-ffff0000002e/clear [39m[32m200[39m [90m23 ms - 14[39m [90m[39m
[38;5;189m[de61d6d7][0m[38;5;86m[HTTP][0m [37m-->[39m [37mPOST[39m [37m/wd/hub/session/de61d6d7-f60a-4850-aefe-280dee0d2e09/element/00000000-0000-0027-ffff-ffff0000002e/click[39m [90m{"id":"00000000-0000-0027-ffff-ffff0000002e"}[39m
[38;5;189m[de61d6d7][0m[38;5;86m[HTTP][0m [37m<-- POST /wd/hub/session/de61d6d7-f60a-4850-aefe-280dee0d2e09/element/00000000-0000-0027-ffff-ffff0000002e/click [39m[32m200[39m [90m1045 ms - 14[39m [90m[39m
[38;5;189m[de61d6d7][0m[38;5;86m[HTTP][0m [37m-->[39m [37mPOST[39m [37m/wd/hub/session/de61d6d7-f60a-4850-aefe-280dee0d2e09/element/00000000-0000-0027-ffff-ffff0000002e/value[39m [90m{"id":"00000000-0000-0027-ffff-ffff0000002e","text":"secret_sauce","value":["s","e","c","r","e","t","_","s","a","u","c","e"]}[39m
[38;5;189m[de61d6d7][0m[38;5;86m[HTTP][0m [37m<-- POST /wd/hub/session/de61d6d7-f60a-4850-aefe-280dee0d2e09/element/00000000-0000-0027-ffff-ffff0000002e/value [39m[32m200[39m [90m537 ms - 14[39m [90m[39m
[38;5;189m[de61d6d7][0m[38;5;86m[HTTP][0m [37m-->[39m [37mGET[39m [37m/wd/hub/session/de61d6d7-f60a-4850-aefe-280dee0d2e09/source[39m [90m{}[39m
[38;5;189m[de61d6d7][0m[38;5;-173m[AndroidUiautomator2Driver@0d97][0m Driver proxy active, passing request on via HTTP proxy
[38;5;189m[de61d6d7][0m[38;5;-173m[AndroidUiautomator2Driver@0d97][0m Replacing sessionId 59436fc8-e3f8-4536-af3c-19f6a608ee86 with de61d6d7-f60a-4850-aefe-280dee0d2e09
[38;5;189m[de61d6d7][0m[38;5;86m[HTTP][0m [37m<-- GET /wd/hub/session/de61d6d7-f60a-4850-aefe-280dee0d2e09/source [39m[32m200[39m [90m63 ms - 10809[39m [90m[39m
[38;5;189m[de61d6d7][0m[38;5;86m[HTTP][0m [37m-->[39m [37mGET[39m [37m/wd/hub/session/de61d6d7-f60a-4850-aefe-280dee0d2e09/screenshot[39m [90m{}[39m
[38;5;189m[de61d6d7][0m[38;5;86m[HTTP][0m [37m<-- GET /wd/hub/session/de61d6d7-f60a-4850-aefe-280dee0d2e09/screenshot [39m[32m200[39m [90m610 ms - 391132[39m [90m[39m
[38;5;189m[de61d6d7][0m[38;5;86m[HTTP][0m [37m-->[39m [37mGET[39m [37m/wd/hub/session/de61d6d7-f60a-4850-aefe-280dee0d2e09/window/rect[39m [90m{}[39m
[38;5;189m[de61d6d7][0m[38;5;86m[HTTP][0m [37m<-- GET /wd/hub/session/de61d6d7-f60a-4850-aefe-280dee0d2e09/window/rect [39m[32m200[39m [90m14 ms - 50[39m [90m[39m
[38;5;189m[de61d6d7][0m[38;5;86m[HTTP][0m [37m-->[39m [37mPOST[39m [37m/wd/hub/session/de61d6d7-f60a-4850-aefe-280dee0d2e09/elements[39m [90m{"using":"xpath","value":"//*[@class = 'android.widget.TextView' and (@text = 'LOGIN' or . = 'LOGIN')]"}[39m
[38;5;189m[de61d6d7][0m[38;5;86m[HTTP][0m [37m<-- POST /wd/hub/session/de61d6d7-f60a-4850-aefe-280dee0d2e09/elements [39m[32m200[39m [90m229 ms - 139[39m [90m[39m
[38;5;189m[de61d6d7][0m[38;5;86m[HTTP][0m [37m-->[39m [37mGET[39m [37m/wd/hub/session/de61d6d7-f60a-4850-aefe-280dee0d2e09/element/00000000-0000-0027-ffff-ffff00000030/location[39m [90m{}[39m
[38;5;189m[de61d6d7][0m[38;5;-173m[AndroidUiautomator2Driver@0d97][0m Driver proxy active, passing request on via HTTP proxy
[38;5;189m[de61d6d7][0m[38;5;-173m[AndroidUiautomator2Driver@0d97][0m Replacing sessionId 59436fc8-e3f8-4536-af3c-19f6a608ee86 with de61d6d7-f60a-4850-aefe-280dee0d2e09
[38;5;189m[de61d6d7][0m[38;5;86m[HTTP][0m [37m<-- GET /wd/hub/session/de61d6d7-f60a-4850-aefe-280dee0d2e09/element/00000000-0000-0027-ffff-ffff00000030/location [39m[32m200[39m [90m19 ms - 79[39m [90m[39m
[38;5;189m[de61d6d7][0m[38;5;86m[HTTP][0m [37m-->[39m [37mPOST[39m [37m/wd/hub/session/de61d6d7-f60a-4850-aefe-280dee0d2e09/element/00000000-0000-0027-ffff-ffff00000030/click[39m [90m{"id":"00000000-0000-0027-ffff-ffff00000030"}[39m
[38;5;189m[de61d6d7][0m[38;5;86m[HTTP][0m [37m<-- POST /wd/hub/session/de61d6d7-f60a-4850-aefe-280dee0d2e09/element/00000000-0000-0027-ffff-ffff00000030/click [39m[32m200[39m [90m119 ms - 14[39m [90m[39m
[38;5;189m[de61d6d7][0m[38;5;86m[HTTP][0m [37m-->[39m [37mGET[39m [37m/wd/hub/session/de61d6d7-f60a-4850-aefe-280dee0d2e09/source[39m [90m{}[39m
[38;5;189m[de61d6d7][0m[38;5;-173m[AndroidUiautomator2Driver@0d97][0m Driver proxy active, passing request on via HTTP proxy
[38;5;189m[de61d6d7][0m[38;5;-173m[AndroidUiautomator2Driver@0d97][0m Replacing sessionId 59436fc8-e3f8-4536-af3c-19f6a608ee86 with de61d6d7-f60a-4850-aefe-280dee0d2e09
[38;5;189m[de61d6d7][0m[38;5;86m[HTTP][0m [37m<-- GET /wd/hub/session/de61d6d7-f60a-4850-aefe-280dee0d2e09/source [39m[32m200[39m [90m394 ms - 28855[39m [90m[39m
[38;5;189m[de61d6d7][0m[38;5;86m[HTTP][0m [37m-->[39m [37mGET[39m [37m/wd/hub/session/de61d6d7-f60a-4850-aefe-280dee0d2e09/screenshot[39m [90m{}[39m
[38;5;189m[de61d6d7][0m[38;5;86m[HTTP][0m [37m<-- GET /wd/hub/session/de61d6d7-f60a-4850-aefe-280dee0d2e09/screenshot [39m[32m200[39m [90m1135 ms - 2008376[39m [90m[39m
[38;5;189m[de61d6d7][0m[38;5;86m[HTTP][0m [37m-->[39m [37mGET[39m [37m/wd/hub/session/de61d6d7-f60a-4850-aefe-280dee0d2e09/window/rect[39m [90m{}[39m
[38;5;189m[de61d6d7][0m[38;5;86m[HTTP][0m [37m<-- GET /wd/hub/session/de61d6d7-f60a-4850-aefe-280dee0d2e09/window/rect [39m[32m200[39m [90m14 ms - 50[39m [90m[39m
[38;5;189m[de61d6d7][0m[38;5;86m[HTTP][0m [37m-->[39m [37mPOST[39m [37m/wd/hub/session/de61d6d7-f60a-4850-aefe-280dee0d2e09/elements[39m [90m{"using":"xpath","value":"//*[@class = 'android.widget.ImageView' and (@text = '' or . = '')]"}[39m
[38;5;189m[de61d6d7][0m[38;5;86m[HTTP][0m [37m<-- POST /wd/hub/session/de61d6d7-f60a-4850-aefe-280dee0d2e09/elements [39m[32m200[39m [90m151 ms - 1291[39m [90m[39m
[38;5;189m[de61d6d7][0m[38;5;86m[HTTP][0m [37m-->[39m [37mGET[39m [37m/wd/hub/session/de61d6d7-f60a-4850-aefe-280dee0d2e09/element/00000000-0000-0027-ffff-ffff0000004c/location[39m [90m{}[39m
[38;5;189m[de61d6d7][0m[38;5;-173m[AndroidUiautomator2Driver@0d97][0m Driver proxy active, passing request on via HTTP proxy
[38;5;189m[de61d6d7][0m[38;5;-173m[AndroidUiautomator2Driver@0d97][0m Replacing sessionId 59436fc8-e3f8-4536-af3c-19f6a608ee86 with de61d6d7-f60a-4850-aefe-280dee0d2e09
[38;5;189m[de61d6d7][0m[38;5;86m[HTTP][0m [37m<-- GET /wd/hub/session/de61d6d7-f60a-4850-aefe-280dee0d2e09/element/00000000-0000-0027-ffff-ffff0000004c/location [39m[32m200[39m [90m19 ms - 75[39m [90m[39m
[38;5;189m[de61d6d7][0m[38;5;86m[HTTP][0m [37m-->[39m [37mPOST[39m [37m/wd/hub/session/de61d6d7-f60a-4850-aefe-280dee0d2e09/element/00000000-0000-0027-ffff-ffff0000004c/click[39m [90m{"id":"00000000-0000-0027-ffff-ffff0000004c"}[39m
[38;5;189m[de61d6d7][0m[38;5;86m[HTTP][0m [37m<-- POST /wd/hub/session/de61d6d7-f60a-4850-aefe-280dee0d2e09/element/00000000-0000-0027-ffff-ffff0000004c/click [39m[32m200[39m [90m87 ms - 14[39m [90m[39m
[38;5;189m[de61d6d7][0m[38;5;86m[HTTP][0m [37m-->[39m [37mGET[39m [37m/wd/hub/session/de61d6d7-f60a-4850-aefe-280dee0d2e09/source[39m [90m{}[39m
[38;5;189m[de61d6d7][0m[38;5;-173m[AndroidUiautomator2Driver@0d97][0m Driver proxy active, passing request on via HTTP proxy
[38;5;189m[de61d6d7][0m[38;5;-173m[AndroidUiautomator2Driver@0d97][0m Replacing sessionId 59436fc8-e3f8-4536-af3c-19f6a608ee86 with de61d6d7-f60a-4850-aefe-280dee0d2e09
[38;5;189m[de61d6d7][0m[38;5;86m[HTTP][0m [37m<-- GET /wd/hub/session/de61d6d7-f60a-4850-aefe-280dee0d2e09/source [39m[32m200[39m [90m112 ms - 28855[39m [90m[39m
[38;5;189m[de61d6d7][0m[38;5;86m[HTTP][0m [37m-->[39m [37mGET[39m [37m/wd/hub/session/de61d6d7-f60a-4850-aefe-280dee0d2e09/screenshot[39m [90m{}[39m
[38;5;189m[de61d6d7][0m[38;5;86m[HTTP][0m [37m<-- GET /wd/hub/session/de61d6d7-f60a-4850-aefe-280dee0d2e09/screenshot [39m[32m200[39m [90m1027 ms - 2008124[39m [90m[39m
[38;5;189m[de61d6d7][0m[38;5;86m[HTTP][0m [37m-->[39m [37mGET[39m [37m/wd/hub/session/de61d6d7-f60a-4850-aefe-280dee0d2e09/window/rect[39m [90m{}[39m
[38;5;189m[de61d6d7][0m[38;5;86m[HTTP][0m [37m<-- GET /wd/hub/session/de61d6d7-f60a-4850-aefe-280dee0d2e09/window/rect [39m[32m200[39m [90m11 ms - 50[39m [90m[39m
[38;5;189m[de61d6d7][0m[38;5;86m[HTTP][0m [37m-->[39m [37mPOST[39m [37m/wd/hub/session/de61d6d7-f60a-4850-aefe-280dee0d2e09/elements[39m [90m{"using":"xpath","value":"//*[@class = 'android.widget.ImageView' and (@text = '' or . = '')]"}[39m
[38;5;189m[de61d6d7][0m[38;5;86m[HTTP][0m [37m<-- POST /wd/hub/session/de61d6d7-f60a-4850-aefe-280dee0d2e09/elements [39m[32m200[39m [90m124 ms - 1291[39m [90m[39m
[38;5;189m[de61d6d7][0m[38;5;86m[HTTP][0m [37m-->[39m [37mGET[39m [37m/wd/hub/session/de61d6d7-f60a-4850-aefe-280dee0d2e09/element/00000000-0000-0027-ffff-ffff0000004c/location[39m [90m{}[39m
[38;5;189m[de61d6d7][0m[38;5;-173m[AndroidUiautomator2Driver@0d97][0m Driver proxy active, passing request on via HTTP proxy
[38;5;189m[de61d6d7][0m[38;5;-173m[AndroidUiautomator2Driver@0d97][0m Replacing sessionId 59436fc8-e3f8-4536-af3c-19f6a608ee86 with de61d6d7-f60a-4850-aefe-280dee0d2e09
[38;5;189m[de61d6d7][0m[38;5;86m[HTTP][0m [37m<-- GET /wd/hub/session/de61d6d7-f60a-4850-aefe-280dee0d2e09/element/00000000-0000-0027-ffff-ffff0000004c/location [39m[32m200[39m [90m19 ms - 75[39m [90m[39m
[38;5;189m[de61d6d7][0m[38;5;86m[HTTP][0m [37m-->[39m [37mPOST[39m [37m/wd/hub/session/de61d6d7-f60a-4850-aefe-280dee0d2e09/element/00000000-0000-0027-ffff-ffff0000004c/click[39m [90m{"id":"00000000-0000-0027-ffff-ffff0000004c"}[39m
[38;5;189m[de61d6d7][0m[38;5;86m[HTTP][0m [37m<-- POST /wd/hub/session/de61d6d7-f60a-4850-aefe-280dee0d2e09/element/00000000-0000-0027-ffff-ffff0000004c/click [39m[32m200[39m [90m66 ms - 14[39m [90m[39m
[38;5;189m[de61d6d7][0m[38;5;86m[HTTP][0m [37m-->[39m [37mGET[39m [37m/wd/hub/session/de61d6d7-f60a-4850-aefe-280dee0d2e09/source[39m [90m{}[39m
[38;5;189m[de61d6d7][0m[38;5;-173m[AndroidUiautomator2Driver@0d97][0m Driver proxy active, passing request on via HTTP proxy
[38;5;189m[de61d6d7][0m[38;5;-173m[AndroidUiautomator2Driver@0d97][0m Replacing sessionId 59436fc8-e3f8-4536-af3c-19f6a608ee86 with de61d6d7-f60a-4850-aefe-280dee0d2e09
[38;5;189m[de61d6d7][0m[38;5;86m[HTTP][0m [37m<-- GET /wd/hub/session/de61d6d7-f60a-4850-aefe-280dee0d2e09/source [39m[32m200[39m [90m100 ms - 28855[39m [90m[39m
[38;5;189m[de61d6d7][0m[38;5;86m[HTTP][0m [37m-->[39m [37mGET[39m [37m/wd/hub/session/de61d6d7-f60a-4850-aefe-280dee0d2e09/screenshot[39m [90m{}[39m
[38;5;189m[de61d6d7][0m[38;5;86m[HTTP][0m [37m<-- GET /wd/hub/session/de61d6d7-f60a-4850-aefe-280dee0d2e09/screenshot [39m[32m200[39m [90m1044 ms - 2008124[39m [90m[39m
[38;5;189m[de61d6d7][0m[38;5;86m[HTTP][0m [37m-->[39m [37mGET[39m [37m/wd/hub/session/de61d6d7-f60a-4850-aefe-280dee0d2e09/window/rect[39m [90m{}[39m
[38;5;189m[de61d6d7][0m[38;5;86m[HTTP][0m [37m<-- GET /wd/hub/session/de61d6d7-f60a-4850-aefe-280dee0d2e09/window/rect [39m[32m200[39m [90m10 ms - 50[39m [90m[39m
[38;5;189m[de61d6d7][0m[38;5;86m[HTTP][0m [37m-->[39m [37mPOST[39m [37m/wd/hub/session/de61d6d7-f60a-4850-aefe-280dee0d2e09/elements[39m [90m{"using":"xpath","value":"//*[@class = 'android.widget.ImageView' and (@text = '' or . = '')]"}[39m
[38;5;189m[de61d6d7][0m[38;5;86m[HTTP][0m [37m<-- POST /wd/hub/session/de61d6d7-f60a-4850-aefe-280dee0d2e09/elements [39m[32m200[39m [90m123 ms - 1291[39m [90m[39m
[38;5;189m[de61d6d7][0m[38;5;86m[HTTP][0m [37m-->[39m [37mGET[39m [37m/wd/hub/session/de61d6d7-f60a-4850-aefe-280dee0d2e09/element/00000000-0000-0027-ffff-ffff0000004c/location[39m [90m{}[39m
[38;5;189m[de61d6d7][0m[38;5;-173m[AndroidUiautomator2Driver@0d97][0m Driver proxy active, passing request on via HTTP proxy
[38;5;189m[de61d6d7][0m[38;5;-173m[AndroidUiautomator2Driver@0d97][0m Replacing sessionId 59436fc8-e3f8-4536-af3c-19f6a608ee86 with de61d6d7-f60a-4850-aefe-280dee0d2e09
[38;5;189m[de61d6d7][0m[38;5;86m[HTTP][0m [37m<-- GET /wd/hub/session/de61d6d7-f60a-4850-aefe-280dee0d2e09/element/00000000-0000-0027-ffff-ffff0000004c/location [39m[32m200[39m [90m17 ms - 75[39m [90m[39m
[38;5;189m[de61d6d7][0m[38;5;86m[HTTP][0m [37m-->[39m [37mPOST[39m [37m/wd/hub/session/de61d6d7-f60a-4850-aefe-280dee0d2e09/touch/perform[39m [90m{"actions":[{"action":"longPress","options":{"element":"00000000-0000-0027-ffff-ffff0000004c"}},{"action":"release","options":{}}]}[39m
[38;5;189m[de61d6d7][0m[38;5;-173m[AndroidUiautomator2Driver@0d97][0m Command 'performTouch' has been deprecated and will be removed in a future version of Appium or your driver/plugin. Please use a different method or contact the driver/plugin author to add explicit support for the command before it is removed
[38;5;189m[de61d6d7][0m[38;5;-173m[AndroidUiautomator2Driver@0d97][0m Driver proxy active, passing request on via HTTP proxy
[38;5;189m[de61d6d7][0m[38;5;-173m[AndroidUiautomator2Driver@0d97][0m Got response with status 404: {"sessionId":null,"value":{"error":"unknown command","message":"The requested resource could not be found, or a request was received using an HTTP method that is not supported by the mapped resource","stacktrace":"io.appium.uiautomator2.common.exceptions.UnknownCommandException: The requested resource could not be found, or a request was received using an HTTP method that is not supported by the mapped resource\n\tat io.appium.uiautomator2.http.ServerHandler.channelRead(ServerHandler.java:84)\n\tat io.netty.channel.AbstractChannelHandlerContext.invokeChannelRead(AbstractChannelHandlerContext.java:366)\n\tat io.netty.channel.AbstractChannelHandlerContext.invokeChannelRead(AbstractChannelHandlerContext.java:352)\n\tat io.netty.channel.AbstractChannelHandlerContext.fireChannelRead(AbstractChannelHandlerContext.java:345)\n\tat io.netty.handler.codec.MessageToMessageDecoder.channelRead(MessageToMessageDecoder.java:102)\n\tat io.netty.channel.AbstractChannelHandlerContext.invokeChannelRead(AbstractChannelHandler...
[38;5;189m[de61d6d7][0m[38;5;86m[HTTP][0m [37m<-- POST /wd/hub/session/de61d6d7-f60a-4850-aefe-280dee0d2e09/touch/perform [39m[33m404[39m [90m18 ms - 3530[39m [90m[39m
[38;5;189m[de61d6d7][0m[38;5;86m[HTTP][0m [37m-->[39m [37mGET[39m [37m/wd/hub/session/de61d6d7-f60a-4850-aefe-280dee0d2e09/source[39m [90m{}[39m
[38;5;189m[de61d6d7][0m[38;5;-173m[AndroidUiautomator2Driver@0d97][0m Driver proxy active, passing request on via HTTP proxy
[38;5;189m[de61d6d7][0m[38;5;-173m[AndroidUiautomator2Driver@0d97][0m Replacing sessionId 59436fc8-e3f8-4536-af3c-19f6a608ee86 with de61d6d7-f60a-4850-aefe-280dee0d2e09
[38;5;189m[de61d6d7][0m[38;5;86m[HTTP][0m [37m<-- GET /wd/hub/session/de61d6d7-f60a-4850-aefe-280dee0d2e09/source [39m[32m200[39m [90m95 ms - 28855[39m [90m[39m
[38;5;189m[de61d6d7][0m[38;5;86m[HTTP][0m [37m-->[39m [37mGET[39m [37m/wd/hub/session/de61d6d7-f60a-4850-aefe-280dee0d2e09/screenshot[39m [90m{}[39m
[38;5;189m[de61d6d7][0m[38;5;86m[HTTP][0m [37m<-- GET /wd/hub/session/de61d6d7-f60a-4850-aefe-280dee0d2e09/screenshot [39m[32m200[39m [90m1061 ms - 2008124[39m [90m[39m
[38;5;189m[de61d6d7][0m[38;5;86m[HTTP][0m [37m-->[39m [37mDELETE[39m [37m/wd/hub/session/de61d6d7-f60a-4850-aefe-280dee0d2e09[39m [90m{}[39m
[38;5;189m[de61d6d7][0m[38;5;62m[AppiumDriver@b2b8][0m Removing session de61d6d7-f60a-4850-aefe-280dee0d2e09 from our master session list
[38;5;189m[de61d6d7][0m[38;5;-173m[AndroidUiautomator2Driver@0d97][0m Restoring hidden api policy to the device default configuration
[38;5;189m[de61d6d7][0m[38;5;86m[HTTP][0m [37m<-- DELETE /wd/hub/session/de61d6d7-f60a-4850-aefe-280dee0d2e09 [39m[32m200[39m [90m805 ms - 14[39m [90m[39m
